Using pre-set license
Built from '2021.3/staging' branch; Version is '2021.3.3f1 (af2e63e8f9bd) revision 11480675'; Using compiler version '192829333'; Build Type 'Release'
OS: 'Windows 11  (10.0.22000) 64bit Core' Language: 'ko' Physical Memory: 16062 MB
BatchMode: 1, IsHumanControllingUs: 0, StartBugReporterOnCrash: 0, Is64bit: 1, IsPro: 1

COMMAND LINE ARGUMENTS:
C:\Program Files\Unity\Hub\Editor\2021.3.3f1\Editor\Unity.exe
-adb2
-batchMode
-noUpm
-name
AssetImportWorker0
-projectPath
C:/Users/cmne3/OneDrive/사진/문서/GitHub/3DBeginner/3D Beginner
-logFile
Logs/AssetImportWorker0.log
-srvPort
59120
Successfully changed project path to: C:/Users/cmne3/OneDrive/사진/문서/GitHub/3DBeginner/3D Beginner
C:/Users/cmne3/OneDrive/사진/문서/GitHub/3DBeginner/3D Beginner
[UnityMemory] Configuration Parameters - Can be set up in boot.config
    "memorysetup-bucket-allocator-granularity=16"
    "memorysetup-bucket-allocator-bucket-count=8"
    "memorysetup-bucket-allocator-block-size=33554432"
    "memorysetup-bucket-allocator-block-count=8"
    "memorysetup-main-allocator-block-size=16777216"
    "memorysetup-thread-allocator-block-size=16777216"
    "memorysetup-gfx-main-allocator-block-size=16777216"
    "memorysetup-gfx-thread-allocator-block-size=16777216"
    "memorysetup-cache-allocator-block-size=4194304"
    "memorysetup-typetree-allocator-block-size=2097152"
    "memorysetup-profiler-bucket-allocator-granularity=16"
    "memorysetup-profiler-bucket-allocator-bucket-count=8"
    "memorysetup-profiler-bucket-allocator-block-size=33554432"
    "memorysetup-profiler-bucket-allocator-block-count=8"
    "memorysetup-profiler-allocator-block-size=16777216"
    "memorysetup-profiler-editor-allocator-block-size=1048576"
    "memorysetup-temp-allocator-size-main=16777216"
    "memorysetup-job-temp-allocator-block-size=2097152"
    "memorysetup-job-temp-allocator-block-size-background=1048576"
    "memorysetup-job-temp-allocator-reduction-small-platforms=262144"
    "memorysetup-temp-allocator-size-background-worker=32768"
    "memorysetup-temp-allocator-size-job-worker=262144"
    "memorysetup-temp-allocator-size-preload-manager=33554432"
    "memorysetup-temp-allocator-size-nav-mesh-worker=65536"
    "memorysetup-temp-allocator-size-audio-worker=65536"
    "memorysetup-temp-allocator-size-cloud-worker=32768"
    "memorysetup-temp-allocator-size-gi-baking-worker=262144"
    "memorysetup-temp-allocator-size-gfx=262144"
Refreshing native plugins compatible for Editor in 235.99 ms, found 3 plugins.
Preloading 0 native plugins for Editor in 0.00 ms.
Initialize engine version: 2021.3.3f1 (af2e63e8f9bd)
[Subsystems] Discovering subsystems at path C:/Program Files/Unity/Hub/Editor/2021.3.3f1/Editor/Data/Resources/UnitySubsystems
[Subsystems] Discovering subsystems at path C:/Users/cmne3/OneDrive/사진/문서/GitHub/3DBeginner/3D Beginner/Assets
GfxDevice: creating device client; threaded=0; jobified=0
Direct3D:
    Version:  Direct3D 11.0 [level 11.1]
    Renderer: NVIDIA GeForce RTX 3050 Laptop GPU (ID=0x25a2)
    Vendor:   NVIDIA
    VRAM:     3993 MB
    Driver:   27.21.14.6660
Initialize mono
Mono path[0] = 'C:/Program Files/Unity/Hub/Editor/2021.3.3f1/Editor/Data/Managed'
Mono path[1] = 'C:/Program Files/Unity/Hub/Editor/2021.3.3f1/Editor/Data/MonoBleedingEdge/lib/mono/unityjit-win32'
Mono config path = 'C:/Program Files/Unity/Hub/Editor/2021.3.3f1/Editor/Data/MonoBleedingEdge/etc'
Using monoOptions --debugger-agent=transport=dt_socket,embedding=1,server=y,suspend=n,address=127.0.0.1:56748
Begin MonoManager ReloadAssembly
Registering precompiled unity dll's ...
Register platform support module: C:/Program Files/Unity/Hub/Editor/2021.3.3f1/Editor/Data/PlaybackEngines/WindowsStandaloneSupport/UnityEditor.WindowsStandalone.Extensions.dll
Registered in 0.007107 seconds.
Native extension for WindowsStandalone target not found
Refreshing native plugins compatible for Editor in 162.45 ms, found 3 plugins.
Preloading 0 native plugins for Editor in 0.00 ms.
Mono: successfully reloaded assembly
- Completed reload, in  1.084 seconds
Domain Reload Profiling:
	ReloadAssembly (1084ms)
		BeginReloadAssembly (131ms)
			ExecutionOrderSort (0ms)
			DisableScriptedObjects (0ms)
			BackupInstance (0ms)
			ReleaseScriptingObjects (0ms)
			CreateAndSetChildDomain (2ms)
		EndReloadAssembly (730ms)
			LoadAssemblies (128ms)
			RebuildTransferFunctionScriptingTraits (0ms)
			SetupTypeCache (166ms)
			ReleaseScriptCaches (0ms)
			RebuildScriptCaches (28ms)
			SetupLoadedEditorAssemblies (462ms)
				LogAssemblyErrors (0ms)
				InitializePlatformSupportModulesInManaged (8ms)
				SetLoadedEditorAssemblies (0ms)
				RefreshPlugins (163ms)
				BeforeProcessingInitializeOnLoad (2ms)
				ProcessInitializeOnLoadAttributes (210ms)
				ProcessInitializeOnLoadMethodAttributes (79ms)
				AfterProcessingInitializeOnLoad (0ms)
				EditorAssembliesLoaded (0ms)
			ExecutionOrderSort2 (0ms)
			AwakeInstancesAfterBackupRestoration (0ms)
Platform modules already initialized, skipping
Registering precompiled user dll's ...
Registered in 0.016391 seconds.
Begin MonoManager ReloadAssembly
Symbol file LoadedFromMemory doesn't match image C:\Users\cmne3\OneDrive\사진\문서\GitHub\3DBeginner\3D Beginner\Library\PackageCache\com.unity.visualscripting@1.7.8\Editor\VisualScripting.Core\Dependencies\YamlDotNet\Unity.VisualScripting.YamlDotNet.dll
Symbol file LoadedFromMemory doesn't match image C:\Users\cmne3\OneDrive\사진\문서\GitHub\3DBeginner\3D Beginner\Library\PackageCache\com.unity.visualscripting@1.7.8\Editor\VisualScripting.Core\Dependencies\DotNetZip\Unity.VisualScripting.IonicZip.dll
Native extension for WindowsStandalone target not found
Refreshing native plugins compatible for Editor in 1.50 ms, found 3 plugins.
Preloading 0 native plugins for Editor in 0.00 ms.
Mono: successfully reloaded assembly
- Completed reload, in  1.893 seconds
Domain Reload Profiling:
	ReloadAssembly (1895ms)
		BeginReloadAssembly (139ms)
			ExecutionOrderSort (0ms)
			DisableScriptedObjects (10ms)
			BackupInstance (0ms)
			ReleaseScriptingObjects (0ms)
			CreateAndSetChildDomain (28ms)
		EndReloadAssembly (1592ms)
			LoadAssemblies (93ms)
			RebuildTransferFunctionScriptingTraits (0ms)
			SetupTypeCache (470ms)
			ReleaseScriptCaches (2ms)
			RebuildScriptCaches (137ms)
			SetupLoadedEditorAssemblies (752ms)
				LogAssemblyErrors (0ms)
				InitializePlatformSupportModulesInManaged (10ms)
				SetLoadedEditorAssemblies (1ms)
				RefreshPlugins (2ms)
				BeforeProcessingInitializeOnLoad (176ms)
				ProcessInitializeOnLoadAttributes (472ms)
				ProcessInitializeOnLoadMethodAttributes (80ms)
				AfterProcessingInitializeOnLoad (12ms)
				EditorAssembliesLoaded (1ms)
			ExecutionOrderSort2 (0ms)
			AwakeInstancesAfterBackupRestoration (16ms)
Platform modules already initialized, skipping
========================================================================
Worker process is ready to serve import requests
Launched and connected shader compiler UnityShaderCompiler.exe after 0.07 seconds
Refreshing native plugins compatible for Editor in 3.65 ms, found 3 plugins.
Preloading 0 native plugins for Editor in 0.00 ms.
Unloading 3929 Unused Serialized files (Serialized files now loaded: 0)
Unloading 66 unused Assets / (1.4 MB). Loaded Objects now: 4372.
Memory consumption went from 219.0 MB to 217.6 MB.
Total: 8.789500 ms (FindLiveObjects: 0.486200 ms CreateObjectMapping: 0.281100 ms MarkObjects: 7.466000 ms  DeleteObjects: 0.554400 ms)

AssetImportParameters requested are different than current active one (requested -> active):
  custom:video-decoder-ogg-theora: a1e56fd34408186e4bbccfd4996cb3dc -> 
  custom:container-muxer-webm: aa71ff27fc2769a1b78a27578f13a17b -> 
  custom:container-demuxer-webm: 4f35f7cbe854078d1ac9338744f61a02 -> 
  custom:video-encoder-webm-vp8: eb34c28f22e8b96e1ab97ce403110664 -> 
  custom:audio-encoder-webm-vorbis: bf7c407c2cedff20999df2af8eb42d56 -> 
  custom:framework-win-MediaFoundation: 216162199b28c13a410421893ffa2e32 -> 
  custom:container-demuxer-ogg: 62fdf1f143b41e24485cea50d1cbac27 -> 
  custom:video-decoder-webm-vp8: 9c59270c3fd7afecdb556c50c9e8de78 -> 
  custom:audio-decoder-ogg-vorbis: bf7c407c2cedff20999df2af8eb42d56 -> 
========================================================================
Received Import Request.
  Time since last request: 86554.050576 seconds.
  path: Assets/Scripts/GameManager/OpenSecretDoor.cs
  artifactKey: Guid(f458d568b221434449cd0eac10a72c4e) Importer(815301076,1909f56bfc062723c751e8b465ee728b)
Start importing Assets/Scripts/GameManager/OpenSecretDoor.cs using Guid(f458d568b221434449cd0eac10a72c4e) Importer(815301076,1909f56bfc062723c751e8b465ee728b)  -> (artifact id: 'f9d1a2cf7e4dee146c4ebf8787b213ad') in 0.151050 seconds 
========================================================================
Received Prepare
Registering precompiled user dll's ...
Registered in 0.014911 seconds.
Begin MonoManager ReloadAssembly
Symbol file LoadedFromMemory doesn't match image C:\Users\cmne3\OneDrive\사진\문서\GitHub\3DBeginner\3D Beginner\Library\PackageCache\com.unity.visualscripting@1.7.8\Editor\VisualScripting.Core\Dependencies\YamlDotNet\Unity.VisualScripting.YamlDotNet.dll
Symbol file LoadedFromMemory doesn't match image C:\Users\cmne3\OneDrive\사진\문서\GitHub\3DBeginner\3D Beginner\Library\PackageCache\com.unity.visualscripting@1.7.8\Editor\VisualScripting.Core\Dependencies\DotNetZip\Unity.VisualScripting.IonicZip.dll
Native extension for WindowsStandalone target not found
Refreshing native plugins compatible for Editor in 1.60 ms, found 3 plugins.
Preloading 0 native plugins for Editor in 0.00 ms.
Mono: successfully reloaded assembly
- Completed reload, in  3.032 seconds
Domain Reload Profiling:
	ReloadAssembly (3033ms)
		BeginReloadAssembly (217ms)
			ExecutionOrderSort (0ms)
			DisableScriptedObjects (12ms)
			BackupInstance (0ms)
			ReleaseScriptingObjects (0ms)
			CreateAndSetChildDomain (67ms)
		EndReloadAssembly (2665ms)
			LoadAssemblies (125ms)
			RebuildTransferFunctionScriptingTraits (0ms)
			SetupTypeCache (899ms)
			ReleaseScriptCaches (4ms)
			RebuildScriptCaches (113ms)
			SetupLoadedEditorAssemblies (1277ms)
				LogAssemblyErrors (0ms)
				InitializePlatformSupportModulesInManaged (41ms)
				SetLoadedEditorAssemblies (2ms)
				RefreshPlugins (2ms)
				BeforeProcessingInitializeOnLoad (223ms)
				ProcessInitializeOnLoadAttributes (895ms)
				ProcessInitializeOnLoadMethodAttributes (101ms)
				AfterProcessingInitializeOnLoad (14ms)
				EditorAssembliesLoaded (0ms)
			ExecutionOrderSort2 (0ms)
			AwakeInstancesAfterBackupRestoration (14ms)
Platform modules already initialized, skipping
Refreshing native plugins compatible for Editor in 7.59 ms, found 3 plugins.
Preloading 0 native plugins for Editor in 0.00 ms.
Unloading 3880 Unused Serialized files (Serialized files now loaded: 0)
Unloading 54 unused Assets / (1.4 MB). Loaded Objects now: 4375.
Memory consumption went from 214.6 MB to 213.2 MB.
Total: 53.824300 ms (FindLiveObjects: 0.833000 ms CreateObjectMapping: 0.529000 ms MarkObjects: 51.895400 ms  DeleteObjects: 0.564500 ms)

AssetImportParameters requested are different than current active one (requested -> active):
  custom:video-decoder-ogg-theora: a1e56fd34408186e4bbccfd4996cb3dc -> 
  custom:container-muxer-webm: aa71ff27fc2769a1b78a27578f13a17b -> 
  custom:container-demuxer-webm: 4f35f7cbe854078d1ac9338744f61a02 -> 
  custom:video-encoder-webm-vp8: eb34c28f22e8b96e1ab97ce403110664 -> 
  custom:audio-encoder-webm-vorbis: bf7c407c2cedff20999df2af8eb42d56 -> 
  custom:framework-win-MediaFoundation: 216162199b28c13a410421893ffa2e32 -> 
  custom:container-demuxer-ogg: 62fdf1f143b41e24485cea50d1cbac27 -> 
  custom:video-decoder-webm-vp8: 9c59270c3fd7afecdb556c50c9e8de78 -> 
  custom:audio-decoder-ogg-vorbis: bf7c407c2cedff20999df2af8eb42d56 -> 
========================================================================
Received Import Request.
  Time since last request: 45.995127 seconds.
  path: Assets/Scripts/GameManager/OpenHiddenDoor.cs
  artifactKey: Guid(80b5a30ea675f2d4ba5b15f13400f469) Importer(815301076,1909f56bfc062723c751e8b465ee728b)
Start importing Assets/Scripts/GameManager/OpenHiddenDoor.cs using Guid(80b5a30ea675f2d4ba5b15f13400f469) Importer(815301076,1909f56bfc062723c751e8b465ee728b)  -> (artifact id: 'f2bad0035b399bdf66df19750fb30f96') in 0.013359 seconds 
========================================================================
Received Prepare
Registering precompiled user dll's ...
Registered in 0.007744 seconds.
Begin MonoManager ReloadAssembly
Symbol file LoadedFromMemory doesn't match image C:\Users\cmne3\OneDrive\사진\문서\GitHub\3DBeginner\3D Beginner\Library\PackageCache\com.unity.visualscripting@1.7.8\Editor\VisualScripting.Core\Dependencies\YamlDotNet\Unity.VisualScripting.YamlDotNet.dll
Symbol file LoadedFromMemory doesn't match image C:\Users\cmne3\OneDrive\사진\문서\GitHub\3DBeginner\3D Beginner\Library\PackageCache\com.unity.visualscripting@1.7.8\Editor\VisualScripting.Core\Dependencies\DotNetZip\Unity.VisualScripting.IonicZip.dll
Native extension for WindowsStandalone target not found
Refreshing native plugins compatible for Editor in 1.44 ms, found 3 plugins.
Preloading 0 native plugins for Editor in 0.00 ms.
Mono: successfully reloaded assembly
- Completed reload, in  1.897 seconds
Domain Reload Profiling:
	ReloadAssembly (1898ms)
		BeginReloadAssembly (155ms)
			ExecutionOrderSort (0ms)
			DisableScriptedObjects (7ms)
			BackupInstance (0ms)
			ReleaseScriptingObjects (0ms)
			CreateAndSetChildDomain (50ms)
		EndReloadAssembly (1594ms)
			LoadAssemblies (103ms)
			RebuildTransferFunctionScriptingTraits (0ms)
			SetupTypeCache (581ms)
			ReleaseScriptCaches (3ms)
			RebuildScriptCaches (102ms)
			SetupLoadedEditorAssemblies (678ms)
				LogAssemblyErrors (0ms)
				InitializePlatformSupportModulesInManaged (19ms)
				SetLoadedEditorAssemblies (3ms)
				RefreshPlugins (2ms)
				BeforeProcessingInitializeOnLoad (147ms)
				ProcessInitializeOnLoadAttributes (434ms)
				ProcessInitializeOnLoadMethodAttributes (65ms)
				AfterProcessingInitializeOnLoad (9ms)
				EditorAssembliesLoaded (0ms)
			ExecutionOrderSort2 (0ms)
			AwakeInstancesAfterBackupRestoration (13ms)
Platform modules already initialized, skipping
Refreshing native plugins compatible for Editor in 8.15 ms, found 3 plugins.
Preloading 0 native plugins for Editor in 0.00 ms.
Unloading 3880 Unused Serialized files (Serialized files now loaded: 0)
Unloading 54 unused Assets / (1.4 MB). Loaded Objects now: 4378.
Memory consumption went from 214.6 MB to 213.3 MB.
Total: 7.726500 ms (FindLiveObjects: 0.845600 ms CreateObjectMapping: 0.444600 ms MarkObjects: 5.934800 ms  DeleteObjects: 0.500000 ms)

AssetImportParameters requested are different than current active one (requested -> active):
  custom:video-decoder-ogg-theora: a1e56fd34408186e4bbccfd4996cb3dc -> 
  custom:container-muxer-webm: aa71ff27fc2769a1b78a27578f13a17b -> 
  custom:container-demuxer-webm: 4f35f7cbe854078d1ac9338744f61a02 -> 
  custom:video-encoder-webm-vp8: eb34c28f22e8b96e1ab97ce403110664 -> 
  custom:audio-encoder-webm-vorbis: bf7c407c2cedff20999df2af8eb42d56 -> 
  custom:framework-win-MediaFoundation: 216162199b28c13a410421893ffa2e32 -> 
  custom:container-demuxer-ogg: 62fdf1f143b41e24485cea50d1cbac27 -> 
  custom:video-decoder-webm-vp8: 9c59270c3fd7afecdb556c50c9e8de78 -> 
  custom:audio-decoder-ogg-vorbis: bf7c407c2cedff20999df2af8eb42d56 -> 
========================================================================
Received Prepare
Registering precompiled user dll's ...
Registered in 0.006958 seconds.
Begin MonoManager ReloadAssembly
Symbol file LoadedFromMemory doesn't match image C:\Users\cmne3\OneDrive\사진\문서\GitHub\3DBeginner\3D Beginner\Library\PackageCache\com.unity.visualscripting@1.7.8\Editor\VisualScripting.Core\Dependencies\YamlDotNet\Unity.VisualScripting.YamlDotNet.dll
Symbol file LoadedFromMemory doesn't match image C:\Users\cmne3\OneDrive\사진\문서\GitHub\3DBeginner\3D Beginner\Library\PackageCache\com.unity.visualscripting@1.7.8\Editor\VisualScripting.Core\Dependencies\DotNetZip\Unity.VisualScripting.IonicZip.dll
Native extension for WindowsStandalone target not found
Refreshing native plugins compatible for Editor in 1.74 ms, found 3 plugins.
Preloading 0 native plugins for Editor in 0.00 ms.
Mono: successfully reloaded assembly
- Completed reload, in  1.634 seconds
Domain Reload Profiling:
	ReloadAssembly (1636ms)
		BeginReloadAssembly (156ms)
			ExecutionOrderSort (0ms)
			DisableScriptedObjects (7ms)
			BackupInstance (0ms)
			ReleaseScriptingObjects (0ms)
			CreateAndSetChildDomain (46ms)
		EndReloadAssembly (1348ms)
			LoadAssemblies (102ms)
			RebuildTransferFunctionScriptingTraits (0ms)
			SetupTypeCache (347ms)
			ReleaseScriptCaches (2ms)
			RebuildScriptCaches (79ms)
			SetupLoadedEditorAssemblies (693ms)
				LogAssemblyErrors (0ms)
				InitializePlatformSupportModulesInManaged (23ms)
				SetLoadedEditorAssemblies (1ms)
				RefreshPlugins (2ms)
				BeforeProcessingInitializeOnLoad (137ms)
				ProcessInitializeOnLoadAttributes (456ms)
				ProcessInitializeOnLoadMethodAttributes (64ms)
				AfterProcessingInitializeOnLoad (10ms)
				EditorAssembliesLoaded (0ms)
			ExecutionOrderSort2 (0ms)
			AwakeInstancesAfterBackupRestoration (13ms)
Platform modules already initialized, skipping
Refreshing native plugins compatible for Editor in 8.53 ms, found 3 plugins.
Preloading 0 native plugins for Editor in 0.00 ms.
Unloading 3880 Unused Serialized files (Serialized files now loaded: 0)
Unloading 54 unused Assets / (1.4 MB). Loaded Objects now: 4381.
Memory consumption went from 214.6 MB to 213.3 MB.
Total: 6.937400 ms (FindLiveObjects: 0.470700 ms CreateObjectMapping: 0.175700 ms MarkObjects: 5.719700 ms  DeleteObjects: 0.569200 ms)

AssetImportParameters requested are different than current active one (requested -> active):
  custom:video-decoder-ogg-theora: a1e56fd34408186e4bbccfd4996cb3dc -> 
  custom:container-muxer-webm: aa71ff27fc2769a1b78a27578f13a17b -> 
  custom:container-demuxer-webm: 4f35f7cbe854078d1ac9338744f61a02 -> 
  custom:video-encoder-webm-vp8: eb34c28f22e8b96e1ab97ce403110664 -> 
  custom:audio-encoder-webm-vorbis: bf7c407c2cedff20999df2af8eb42d56 -> 
  custom:framework-win-MediaFoundation: 216162199b28c13a410421893ffa2e32 -> 
  custom:container-demuxer-ogg: 62fdf1f143b41e24485cea50d1cbac27 -> 
  custom:video-decoder-webm-vp8: 9c59270c3fd7afecdb556c50c9e8de78 -> 
  custom:audio-decoder-ogg-vorbis: bf7c407c2cedff20999df2af8eb42d56 -> 
========================================================================
Received Import Request.
  Time since last request: 67.664755 seconds.
  path: Assets/Scripts/GameManager/GameManager.cs
  artifactKey: Guid(aecb1ba14080be14fa13dc6aaf2e3188) Importer(815301076,1909f56bfc062723c751e8b465ee728b)
Start importing Assets/Scripts/GameManager/GameManager.cs using Guid(aecb1ba14080be14fa13dc6aaf2e3188) Importer(815301076,1909f56bfc062723c751e8b465ee728b)  -> (artifact id: 'fdf6d2767d8f7c8dcf2567bd7940e811') in 0.012256 seconds 
========================================================================
Received Prepare
Registering precompiled user dll's ...
Registered in 0.008811 seconds.
Begin MonoManager ReloadAssembly
Symbol file LoadedFromMemory doesn't match image C:\Users\cmne3\OneDrive\사진\문서\GitHub\3DBeginner\3D Beginner\Library\PackageCache\com.unity.visualscripting@1.7.8\Editor\VisualScripting.Core\Dependencies\YamlDotNet\Unity.VisualScripting.YamlDotNet.dll
Symbol file LoadedFromMemory doesn't match image C:\Users\cmne3\OneDrive\사진\문서\GitHub\3DBeginner\3D Beginner\Library\PackageCache\com.unity.visualscripting@1.7.8\Editor\VisualScripting.Core\Dependencies\DotNetZip\Unity.VisualScripting.IonicZip.dll
Native extension for WindowsStandalone target not found
Refreshing native plugins compatible for Editor in 1.36 ms, found 3 plugins.
Preloading 0 native plugins for Editor in 0.00 ms.
Mono: successfully reloaded assembly
- Completed reload, in  1.393 seconds
Domain Reload Profiling:
	ReloadAssembly (1394ms)
		BeginReloadAssembly (184ms)
			ExecutionOrderSort (0ms)
			DisableScriptedObjects (9ms)
			BackupInstance (0ms)
			ReleaseScriptingObjects (0ms)
			CreateAndSetChildDomain (67ms)
		EndReloadAssembly (1061ms)
			LoadAssemblies (109ms)
			RebuildTransferFunctionScriptingTraits (0ms)
			SetupTypeCache (381ms)
			ReleaseScriptCaches (2ms)
			RebuildScriptCaches (56ms)
			SetupLoadedEditorAssemblies (436ms)
				LogAssemblyErrors (0ms)
				InitializePlatformSupportModulesInManaged (15ms)
				SetLoadedEditorAssemblies (1ms)
				RefreshPlugins (1ms)
				BeforeProcessingInitializeOnLoad (106ms)
				ProcessInitializeOnLoadAttributes (250ms)
				ProcessInitializeOnLoadMethodAttributes (57ms)
				AfterProcessingInitializeOnLoad (6ms)
				EditorAssembliesLoaded (1ms)
			ExecutionOrderSort2 (0ms)
			AwakeInstancesAfterBackupRestoration (11ms)
Platform modules already initialized, skipping
Refreshing native plugins compatible for Editor in 4.70 ms, found 3 plugins.
Preloading 0 native plugins for Editor in 0.00 ms.
Unloading 3880 Unused Serialized files (Serialized files now loaded: 0)
Unloading 54 unused Assets / (1.4 MB). Loaded Objects now: 4384.
Memory consumption went from 214.6 MB to 213.3 MB.
Total: 3.283400 ms (FindLiveObjects: 0.305200 ms CreateObjectMapping: 0.127400 ms MarkObjects: 2.568900 ms  DeleteObjects: 0.280400 ms)

AssetImportParameters requested are different than current active one (requested -> active):
  custom:video-decoder-ogg-theora: a1e56fd34408186e4bbccfd4996cb3dc -> 
  custom:container-muxer-webm: aa71ff27fc2769a1b78a27578f13a17b -> 
  custom:container-demuxer-webm: 4f35f7cbe854078d1ac9338744f61a02 -> 
  custom:video-encoder-webm-vp8: eb34c28f22e8b96e1ab97ce403110664 -> 
  custom:audio-encoder-webm-vorbis: bf7c407c2cedff20999df2af8eb42d56 -> 
  custom:framework-win-MediaFoundation: 216162199b28c13a410421893ffa2e32 -> 
  custom:container-demuxer-ogg: 62fdf1f143b41e24485cea50d1cbac27 -> 
  custom:video-decoder-webm-vp8: 9c59270c3fd7afecdb556c50c9e8de78 -> 
  custom:audio-decoder-ogg-vorbis: bf7c407c2cedff20999df2af8eb42d56 -> 
========================================================================
Received Prepare
Registering precompiled user dll's ...
Registered in 0.006268 seconds.
Begin MonoManager ReloadAssembly
Symbol file LoadedFromMemory doesn't match image C:\Users\cmne3\OneDrive\사진\문서\GitHub\3DBeginner\3D Beginner\Library\PackageCache\com.unity.visualscripting@1.7.8\Editor\VisualScripting.Core\Dependencies\YamlDotNet\Unity.VisualScripting.YamlDotNet.dll
Symbol file LoadedFromMemory doesn't match image C:\Users\cmne3\OneDrive\사진\문서\GitHub\3DBeginner\3D Beginner\Library\PackageCache\com.unity.visualscripting@1.7.8\Editor\VisualScripting.Core\Dependencies\DotNetZip\Unity.VisualScripting.IonicZip.dll
Native extension for WindowsStandalone target not found
Refreshing native plugins compatible for Editor in 1.25 ms, found 3 plugins.
Preloading 0 native plugins for Editor in 0.00 ms.
Mono: successfully reloaded assembly
- Completed reload, in  1.075 seconds
Domain Reload Profiling:
	ReloadAssembly (1076ms)
		BeginReloadAssembly (125ms)
			ExecutionOrderSort (0ms)
			DisableScriptedObjects (5ms)
			BackupInstance (0ms)
			ReleaseScriptingObjects (0ms)
			CreateAndSetChildDomain (37ms)
		EndReloadAssembly (850ms)
			LoadAssemblies (79ms)
			RebuildTransferFunctionScriptingTraits (0ms)
			SetupTypeCache (323ms)
			ReleaseScriptCaches (2ms)
			RebuildScriptCaches (54ms)
			SetupLoadedEditorAssemblies (350ms)
				LogAssemblyErrors (0ms)
				InitializePlatformSupportModulesInManaged (11ms)
				SetLoadedEditorAssemblies (1ms)
				RefreshPlugins (1ms)
				BeforeProcessingInitializeOnLoad (98ms)
				ProcessInitializeOnLoadAttributes (199ms)
				ProcessInitializeOnLoadMethodAttributes (36ms)
				AfterProcessingInitializeOnLoad (4ms)
				EditorAssembliesLoaded (0ms)
			ExecutionOrderSort2 (0ms)
			AwakeInstancesAfterBackupRestoration (5ms)
Platform modules already initialized, skipping
Refreshing native plugins compatible for Editor in 3.15 ms, found 3 plugins.
Preloading 0 native plugins for Editor in 0.00 ms.
Unloading 3880 Unused Serialized files (Serialized files now loaded: 0)
Unloading 54 unused Assets / (1.4 MB). Loaded Objects now: 4387.
Memory consumption went from 214.7 MB to 213.3 MB.
Total: 3.400800 ms (FindLiveObjects: 0.281000 ms CreateObjectMapping: 0.249600 ms MarkObjects: 2.429000 ms  DeleteObjects: 0.439600 ms)

AssetImportParameters requested are different than current active one (requested -> active):
  custom:video-decoder-ogg-theora: a1e56fd34408186e4bbccfd4996cb3dc -> 
  custom:container-muxer-webm: aa71ff27fc2769a1b78a27578f13a17b -> 
  custom:container-demuxer-webm: 4f35f7cbe854078d1ac9338744f61a02 -> 
  custom:video-encoder-webm-vp8: eb34c28f22e8b96e1ab97ce403110664 -> 
  custom:audio-encoder-webm-vorbis: bf7c407c2cedff20999df2af8eb42d56 -> 
  custom:framework-win-MediaFoundation: 216162199b28c13a410421893ffa2e32 -> 
  custom:container-demuxer-ogg: 62fdf1f143b41e24485cea50d1cbac27 -> 
  custom:video-decoder-webm-vp8: 9c59270c3fd7afecdb556c50c9e8de78 -> 
  custom:audio-decoder-ogg-vorbis: bf7c407c2cedff20999df2af8eb42d56 -> 
========================================================================
Received Import Request.
  Time since last request: 452.323815 seconds.
  path: Assets/DavePixel/PirateCoin
  artifactKey: Guid(aca86684311a9044ab595832e9a48cf0) Importer(815301076,1909f56bfc062723c751e8b465ee728b)
Start importing Assets/DavePixel/PirateCoin using Guid(aca86684311a9044ab595832e9a48cf0) Importer(815301076,1909f56bfc062723c751e8b465ee728b)  -> (artifact id: '1f8beee0486203a948f7dd11937327b7') in 0.020066 seconds 
========================================================================
Received Import Request.
  Time since last request: 1.790714 seconds.
  path: Assets/DavePixel/PirateCoin/Models
  artifactKey: Guid(aa759fa78c05cbc4fa01b5f6f4005ebf) Importer(815301076,1909f56bfc062723c751e8b465ee728b)
Start importing Assets/DavePixel/PirateCoin/Models using Guid(aa759fa78c05cbc4fa01b5f6f4005ebf) Importer(815301076,1909f56bfc062723c751e8b465ee728b)  -> (artifact id: '18b5fb107005d9c45c4bbd4cbfacbb00') in 0.010508 seconds 
========================================================================
Received Import Request.
  Time since last request: 0.485473 seconds.
  path: Assets/DavePixel/PirateCoin/Materials
  artifactKey: Guid(92d67a6743545ce42aff6751fee9ee31) Importer(815301076,1909f56bfc062723c751e8b465ee728b)
Start importing Assets/DavePixel/PirateCoin/Materials using Guid(92d67a6743545ce42aff6751fee9ee31) Importer(815301076,1909f56bfc062723c751e8b465ee728b)  -> (artifact id: 'eb1e8c6ed7ba301e1d100bcaab7e3ad2') in 0.009943 seconds 
========================================================================
Received Import Request.
  Time since last request: 0.452320 seconds.
  path: Assets/DavePixel/PirateCoin/Textures
  artifactKey: Guid(2a70856fe8e576b428dc7bb2e6ba3ea8) Importer(815301076,1909f56bfc062723c751e8b465ee728b)
Start importing Assets/DavePixel/PirateCoin/Textures using Guid(2a70856fe8e576b428dc7bb2e6ba3ea8) Importer(815301076,1909f56bfc062723c751e8b465ee728b)  -> (artifact id: '9244b4621d3e13b8040fc6e34389876f') in 0.008798 seconds 
========================================================================
Received Import Request.
  Time since last request: 1.250168 seconds.
  path: Assets/DavePixel/PirateCoin/Textures/Brass
  artifactKey: Guid(68dd7c82a92571744ba24a9f550cbbff) Importer(815301076,1909f56bfc062723c751e8b465ee728b)
Start importing Assets/DavePixel/PirateCoin/Textures/Brass using Guid(68dd7c82a92571744ba24a9f550cbbff) Importer(815301076,1909f56bfc062723c751e8b465ee728b)  -> (artifact id: '5c2f21d7dda02e860912560abe0ae585') in 0.009736 seconds 
========================================================================
Received Import Request.
  Time since last request: 3.980060 seconds.
  path: Assets/DavePixel/PirateCoin/Demo
  artifactKey: Guid(75c451c4b1790b74fae375bb0e818515) Importer(815301076,1909f56bfc062723c751e8b465ee728b)
Start importing Assets/DavePixel/PirateCoin/Demo using Guid(75c451c4b1790b74fae375bb0e818515) Importer(815301076,1909f56bfc062723c751e8b465ee728b)  -> (artifact id: '0e3dcd5684c3e7cf17d830dffbe06803') in 0.011274 seconds 
========================================================================
Received Import Request.
  Time since last request: 0.665850 seconds.
  path: Assets/DavePixel/PirateCoin/Demo/Demo
  artifactKey: Guid(87c825c1d0d8de041a38170bd75141c8) Importer(815301076,1909f56bfc062723c751e8b465ee728b)
Start importing Assets/DavePixel/PirateCoin/Demo/Demo using Guid(87c825c1d0d8de041a38170bd75141c8) Importer(815301076,1909f56bfc062723c751e8b465ee728b)  -> (artifact id: '9092801fce84eff725f6817a80a59d2b') in 0.002952 seconds 
========================================================================
Received Import Request.
  Time since last request: 1.291246 seconds.
  path: Assets/DavePixel/PirateCoin/Demo/Material
  artifactKey: Guid(85601ba15348aa440b828edba9e81d63) Importer(815301076,1909f56bfc062723c751e8b465ee728b)
Start importing Assets/DavePixel/PirateCoin/Demo/Material using Guid(85601ba15348aa440b828edba9e81d63) Importer(815301076,1909f56bfc062723c751e8b465ee728b)  -> (artifact id: '6b3bb2a36c352a9ea37063c9832d5595') in 0.014443 seconds 
========================================================================
Received Import Request.
  Time since last request: 8.271837 seconds.
  path: Assets/DavePixel/PirateCoin/Models/PirateCoin.fbx
  artifactKey: Guid(f48a1b3e05cf7d94f9ec9b272c050643) Importer(815301076,1909f56bfc062723c751e8b465ee728b)
Start importing Assets/DavePixel/PirateCoin/Models/PirateCoin.fbx using Guid(f48a1b3e05cf7d94f9ec9b272c050643) Importer(815301076,1909f56bfc062723c751e8b465ee728b)  -> (artifact id: '7811da8376f92117db8ee7b016663e3c') in 0.192444 seconds 
========================================================================
Received Import Request.
  Time since last request: 3.742263 seconds.
  path: Assets/DavePixel/PirateCoin/Prefabs
  artifactKey: Guid(8089823d12a397d46aca2ed675b29255) Importer(815301076,1909f56bfc062723c751e8b465ee728b)
Start importing Assets/DavePixel/PirateCoin/Prefabs using Guid(8089823d12a397d46aca2ed675b29255) Importer(815301076,1909f56bfc062723c751e8b465ee728b)  -> (artifact id: '7c6755d21bf2a12808e13950ebac0597') in 0.009361 seconds 
========================================================================
Received Import Request.
  Time since last request: 9.931803 seconds.
  path: Assets/DavePixel/PirateCoin HDRP
  artifactKey: Guid(4e91082499445994e898d01e3605fc1e) Importer(815301076,1909f56bfc062723c751e8b465ee728b)
Start importing Assets/DavePixel/PirateCoin HDRP using Guid(4e91082499445994e898d01e3605fc1e) Importer(815301076,1909f56bfc062723c751e8b465ee728b)  -> (artifact id: 'f2991bcb6b81b9c63fcea6a4bd135a32') in 0.008703 seconds 
========================================================================
Received Import Request.
  Time since last request: 4.098506 seconds.
  path: Assets/DavePixel/PirateCoin HDRP/Prefabs
  artifactKey: Guid(6735b7cc9621a4d45869f66474c5678c) Importer(815301076,1909f56bfc062723c751e8b465ee728b)
Start importing Assets/DavePixel/PirateCoin HDRP/Prefabs using Guid(6735b7cc9621a4d45869f66474c5678c) Importer(815301076,1909f56bfc062723c751e8b465ee728b)  -> (artifact id: '7c1afb3bb81c910d74c4fead5b7da347') in 0.004869 seconds 
========================================================================
Received Import Request.
  Time since last request: 1.414431 seconds.
  path: Assets/DavePixel/PirateCoin HDRP/Demo
  artifactKey: Guid(0d4b22471b4162f47bae2565a5bad932) Importer(815301076,1909f56bfc062723c751e8b465ee728b)
Start importing Assets/DavePixel/PirateCoin HDRP/Demo using Guid(0d4b22471b4162f47bae2565a5bad932) Importer(815301076,1909f56bfc062723c751e8b465ee728b)  -> (artifact id: '4051471e210dc4535b6fd8eb6feefaf8') in 0.002443 seconds 
========================================================================
Received Import Request.
  Time since last request: 0.562045 seconds.
  path: Assets/DavePixel/PirateCoin HDRP/Models
  artifactKey: Guid(c27a61569a2ea2440b77664428562e1d) Importer(815301076,1909f56bfc062723c751e8b465ee728b)
Start importing Assets/DavePixel/PirateCoin HDRP/Models using Guid(c27a61569a2ea2440b77664428562e1d) Importer(815301076,1909f56bfc062723c751e8b465ee728b)  -> (artifact id: '0bb3179a9e963018477692f9fb589783') in 0.003232 seconds 
========================================================================
Received Import Request.
  Time since last request: 0.515476 seconds.
  path: Assets/DavePixel/PirateCoin HDRP/Materials
  artifactKey: Guid(189bf4d930e643c4fadc8a3e8d7af653) Importer(815301076,1909f56bfc062723c751e8b465ee728b)
Start importing Assets/DavePixel/PirateCoin HDRP/Materials using Guid(189bf4d930e643c4fadc8a3e8d7af653) Importer(815301076,1909f56bfc062723c751e8b465ee728b)  -> (artifact id: '956387ebd5e49a5fbd03b34c8fa9cadf') in 0.003005 seconds 
========================================================================
Received Import Request.
  Time since last request: 5.078274 seconds.
  path: Assets/DavePixel/PirateCoin HDRP/Demo/Materials
  artifactKey: Guid(b413532582967924a94ea00074bc3729) Importer(815301076,1909f56bfc062723c751e8b465ee728b)
Start importing Assets/DavePixel/PirateCoin HDRP/Demo/Materials using Guid(b413532582967924a94ea00074bc3729) Importer(815301076,1909f56bfc062723c751e8b465ee728b)  -> (artifact id: '6e7425e73becf52eb598a0b8870dc7de') in 0.009879 seconds 
========================================================================
Received Import Request.
  Time since last request: 0.411165 seconds.
  path: Assets/DavePixel/PirateCoin HDRP/Demo/Texture
  artifactKey: Guid(35c7a2f0c0fda2c499ec5782ab0d930e) Importer(815301076,1909f56bfc062723c751e8b465ee728b)
Start importing Assets/DavePixel/PirateCoin HDRP/Demo/Texture using Guid(35c7a2f0c0fda2c499ec5782ab0d930e) Importer(815301076,1909f56bfc062723c751e8b465ee728b)  -> (artifact id: '72f75cc73cf19ca64bf02665a4e73914') in 0.009276 seconds 
========================================================================
Received Import Request.
  Time since last request: 13.812217 seconds.
  path: Assets/DavePixel/PirateCoin/Textures/Brass/Coin_Low_lambert1_Metallic.png
  artifactKey: Guid(8ee1ae59740ea504099418386df75b0d) Importer(815301076,1909f56bfc062723c751e8b465ee728b)
Start importing Assets/DavePixel/PirateCoin/Textures/Brass/Coin_Low_lambert1_Metallic.png using Guid(8ee1ae59740ea504099418386df75b0d) Importer(815301076,1909f56bfc062723c751e8b465ee728b)  -> (artifact id: '8a19cadc9a89212dfa09eb326366f3e2') in 0.041352 seconds 
========================================================================
Received Import Request.
  Time since last request: 2.885696 seconds.
  path: Assets/DavePixel/PirateCoin/Textures/DarkGold/Coin_Low_lambert1_Metallic.png
  artifactKey: Guid(086ea071f14f2804c9695c3f5c72f441) Importer(815301076,1909f56bfc062723c751e8b465ee728b)
Start importing Assets/DavePixel/PirateCoin/Textures/DarkGold/Coin_Low_lambert1_Metallic.png using Guid(086ea071f14f2804c9695c3f5c72f441) Importer(815301076,1909f56bfc062723c751e8b465ee728b)  -> (artifact id: '3a59d462c76b686b41c1e84f9921716b') in 0.016034 seconds 
========================================================================
Received Import Request.
  Time since last request: 1.531991 seconds.
  path: Assets/DavePixel/PirateCoin/Textures/Silver/Coin_Low_lambert1_Metallic.png
  artifactKey: Guid(72f10bff6e1d5824798e4fd0bd13eb00) Importer(815301076,1909f56bfc062723c751e8b465ee728b)
Start importing Assets/DavePixel/PirateCoin/Textures/Silver/Coin_Low_lambert1_Metallic.png using Guid(72f10bff6e1d5824798e4fd0bd13eb00) Importer(815301076,1909f56bfc062723c751e8b465ee728b)  -> (artifact id: '9017ac3592b5fa4d555dec351edd7fee') in 0.016456 seconds 
========================================================================
Received Import Request.
  Time since last request: 1.201509 seconds.
  path: Assets/DavePixel/PirateCoin/Textures/DarkGold/Coin_Low_lambert1_BaseColor.png
  artifactKey: Guid(a04cf85b17e3e094ba49469e2d801963) Importer(815301076,1909f56bfc062723c751e8b465ee728b)
Start importing Assets/DavePixel/PirateCoin/Textures/DarkGold/Coin_Low_lambert1_BaseColor.png using Guid(a04cf85b17e3e094ba49469e2d801963) Importer(815301076,1909f56bfc062723c751e8b465ee728b)  -> (artifact id: '688691feb3bacaaaa70f8c2cffd4e272') in 0.016872 seconds 
========================================================================
Received Import Request.
  Time since last request: 0.696331 seconds.
  path: Assets/DavePixel/PirateCoin/Textures/Silver/Coin_Low_lambert1_BaseColor.png
  artifactKey: Guid(4dc76efa630e87945b8768bc5eb13906) Importer(815301076,1909f56bfc062723c751e8b465ee728b)
Start importing Assets/DavePixel/PirateCoin/Textures/Silver/Coin_Low_lambert1_BaseColor.png using Guid(4dc76efa630e87945b8768bc5eb13906) Importer(815301076,1909f56bfc062723c751e8b465ee728b)  -> (artifact id: '7279724f362571682aa087e793a0f7e9') in 0.013377 seconds 
========================================================================
Received Import Request.
  Time since last request: 4.045855 seconds.
  path: Assets/DavePixel/PirateCoin/Textures/DarkGold/Coin_Low_lambert1_Height.png
  artifactKey: Guid(e107f018acb50794792423044c08a69d) Importer(815301076,1909f56bfc062723c751e8b465ee728b)
Start importing Assets/DavePixel/PirateCoin/Textures/DarkGold/Coin_Low_lambert1_Height.png using Guid(e107f018acb50794792423044c08a69d) Importer(815301076,1909f56bfc062723c751e8b465ee728b)  -> (artifact id: '1054945817389726e4a0cb53db88c478') in 0.014752 seconds 
========================================================================
Received Import Request.
  Time since last request: 1.136214 seconds.
  path: Assets/DavePixel/PirateCoin/Textures/Gold/Coin_Low_lambert1_Metallic.png
  artifactKey: Guid(0a3469efa564f3c4caf195b1adaea4b9) Importer(815301076,1909f56bfc062723c751e8b465ee728b)
Start importing Assets/DavePixel/PirateCoin/Textures/Gold/Coin_Low_lambert1_Metallic.png using Guid(0a3469efa564f3c4caf195b1adaea4b9) Importer(815301076,1909f56bfc062723c751e8b465ee728b)  -> (artifact id: 'ac7d8e7219b2d087ca16db6bdc5b04a6') in 0.019155 seconds 
========================================================================
Received Import Request.
  Time since last request: 0.107427 seconds.
  path: Assets/DavePixel/PirateCoin/Textures/DarkGold/Coin_Low_lambert1_Normal.png
  artifactKey: Guid(6bb47df71a2273442b68caf761e37917) Importer(815301076,1909f56bfc062723c751e8b465ee728b)
Start importing Assets/DavePixel/PirateCoin/Textures/DarkGold/Coin_Low_lambert1_Normal.png using Guid(6bb47df71a2273442b68caf761e37917) Importer(815301076,1909f56bfc062723c751e8b465ee728b)  -> (artifact id: '1619ec4e9b8be8aaea20433ff7921d81') in 0.020851 seconds 
========================================================================
Received Import Request.
  Time since last request: 0.082708 seconds.
  path: Assets/DavePixel/PirateCoin/Textures/Silver/Coin_Low_lambert1_Normal.png
  artifactKey: Guid(ddaa6822c4954434595fd089bfee2a14) Importer(815301076,1909f56bfc062723c751e8b465ee728b)
Start importing Assets/DavePixel/PirateCoin/Textures/Silver/Coin_Low_lambert1_Normal.png using Guid(ddaa6822c4954434595fd089bfee2a14) Importer(815301076,1909f56bfc062723c751e8b465ee728b)  -> (artifact id: '3280cafc553fc96164ece2dbcf0e79fa') in 0.019421 seconds 
========================================================================
Received Import Request.
  Time since last request: 0.089861 seconds.
  path: Assets/DavePixel/PirateCoin/Textures/Gold/Coin_Low_lambert1_Normal.png
  artifactKey: Guid(8e29d1c485dc4ed40a442b9f4bf9fd8e) Importer(815301076,1909f56bfc062723c751e8b465ee728b)
Start importing Assets/DavePixel/PirateCoin/Textures/Gold/Coin_Low_lambert1_Normal.png using Guid(8e29d1c485dc4ed40a442b9f4bf9fd8e) Importer(815301076,1909f56bfc062723c751e8b465ee728b)  -> (artifact id: '13282d2463f3837eb64ca8a86c826e20') in 0.022099 seconds 
========================================================================
Received Import Request.
  Time since last request: 0.122494 seconds.
  path: Assets/DavePixel/PirateCoin/Textures/Brass/Coin_Low_lambert1_Normal.png
  artifactKey: Guid(bdfd4a28479c0c84c9275f76a62085c3) Importer(815301076,1909f56bfc062723c751e8b465ee728b)
Start importing Assets/DavePixel/PirateCoin/Textures/Brass/Coin_Low_lambert1_Normal.png using Guid(bdfd4a28479c0c84c9275f76a62085c3) Importer(815301076,1909f56bfc062723c751e8b465ee728b)  -> (artifact id: '81471bba25567338c3bf63508e0f932f') in 0.015128 seconds 
========================================================================
Received Import Request.
  Time since last request: 0.129342 seconds.
  path: Assets/DavePixel/PirateCoin/Textures/Brass/Coin_Low_lambert1_Roughness.png
  artifactKey: Guid(bb7ec3119f06b5a4b9be9cc0bdac65cf) Importer(815301076,1909f56bfc062723c751e8b465ee728b)
Start importing Assets/DavePixel/PirateCoin/Textures/Brass/Coin_Low_lambert1_Roughness.png using Guid(bb7ec3119f06b5a4b9be9cc0bdac65cf) Importer(815301076,1909f56bfc062723c751e8b465ee728b)  -> (artifact id: '6afc1a812658342a96981831eae258b2') in 0.019814 seconds 
========================================================================
Received Import Request.
  Time since last request: 0.176126 seconds.
  path: Assets/DavePixel/PirateCoin/Textures/DarkGold/Coin_Low_lambert1_Roughness.png
  artifactKey: Guid(036800bd9d6a9a34ab99edefcb608a39) Importer(815301076,1909f56bfc062723c751e8b465ee728b)
Start importing Assets/DavePixel/PirateCoin/Textures/DarkGold/Coin_Low_lambert1_Roughness.png using Guid(036800bd9d6a9a34ab99edefcb608a39) Importer(815301076,1909f56bfc062723c751e8b465ee728b)  -> (artifact id: '69322662f2f3eabd353fbbbe98f4173d') in 0.019387 seconds 
========================================================================
Received Import Request.
  Time since last request: 0.164748 seconds.
  path: Assets/DavePixel/PirateCoin/Textures/Silver/Coin_Low_lambert1_Roughness.png
  artifactKey: Guid(463f3dc5fff34ad41918e6a46194112f) Importer(815301076,1909f56bfc062723c751e8b465ee728b)
Start importing Assets/DavePixel/PirateCoin/Textures/Silver/Coin_Low_lambert1_Roughness.png using Guid(463f3dc5fff34ad41918e6a46194112f) Importer(815301076,1909f56bfc062723c751e8b465ee728b)  -> (artifact id: 'cbb68f0aad33addb5716a4ccbafff2ad') in 0.014437 seconds 
========================================================================
Received Import Request.
  Time since last request: 0.194659 seconds.
  path: Assets/DavePixel/PirateCoin/Textures/Gold/Coin_Low_lambert1_Roughness.png
  artifactKey: Guid(946a86598bec1524fb86f214946890c7) Importer(815301076,1909f56bfc062723c751e8b465ee728b)
Start importing Assets/DavePixel/PirateCoin/Textures/Gold/Coin_Low_lambert1_Roughness.png using Guid(946a86598bec1524fb86f214946890c7) Importer(815301076,1909f56bfc062723c751e8b465ee728b)  -> (artifact id: 'e925294224e65bd0990f6cb5aec54baf') in 0.017969 seconds 
========================================================================
Received Import Request.
  Time since last request: 0.355415 seconds.
  path: Assets/DavePixel/PirateCoin HDRP/Models/PirateCoin.fbx
  artifactKey: Guid(5d0dbe9cd045eb6458b6aa0a6ffc0235) Importer(815301076,1909f56bfc062723c751e8b465ee728b)
Start importing Assets/DavePixel/PirateCoin HDRP/Models/PirateCoin.fbx using Guid(5d0dbe9cd045eb6458b6aa0a6ffc0235) Importer(815301076,1909f56bfc062723c751e8b465ee728b)  -> (artifact id: '091af14b6ebca2ba73d3d9957c8956e0') in 0.028436 seconds 
========================================================================
Received Import Request.
  Time since last request: 1.256639 seconds.
  path: Assets/DavePixel/PirateCoin/Prefabs/PirateCoin.prefab
  artifactKey: Guid(3e29573f06c0a7e4fa986fff41de17af) Importer(815301076,1909f56bfc062723c751e8b465ee728b)
Start importing Assets/DavePixel/PirateCoin/Prefabs/PirateCoin.prefab using Guid(3e29573f06c0a7e4fa986fff41de17af) Importer(815301076,1909f56bfc062723c751e8b465ee728b)  -> (artifact id: '168dbfdeaf98c4dab12e04ce77065a17') in 0.253382 seconds 
========================================================================
Received Import Request.
  Time since last request: 33.466018 seconds.
  path: Assets/DavePixel/PirateCoin/Textures/Brass/Coin_Low_lambert1_Height.png
  artifactKey: Guid(7c6b47ecbbe975e41bb849e3ab2732a5) Importer(815301076,1909f56bfc062723c751e8b465ee728b)
Start importing Assets/DavePixel/PirateCoin/Textures/Brass/Coin_Low_lambert1_Height.png using Guid(7c6b47ecbbe975e41bb849e3ab2732a5) Importer(815301076,1909f56bfc062723c751e8b465ee728b)  -> (artifact id: '594ce3fe6742e600aa7b7d2f1f6c7b7e') in 0.016730 seconds 
========================================================================
Received Import Request.
  Time since last request: 0.818277 seconds.
  path: Assets/DavePixel/PirateCoin/Textures/Gold/Coin_Low_lambert1_Height.png
  artifactKey: Guid(23f84244abefde9409d25861088b5e66) Importer(815301076,1909f56bfc062723c751e8b465ee728b)
Start importing Assets/DavePixel/PirateCoin/Textures/Gold/Coin_Low_lambert1_Height.png using Guid(23f84244abefde9409d25861088b5e66) Importer(815301076,1909f56bfc062723c751e8b465ee728b)  -> (artifact id: 'fc734cde7c2cb27157bc20808a25b7a2') in 0.011356 seconds 
========================================================================
Received Import Request.
  Time since last request: 0.129411 seconds.
  path: Assets/DavePixel/PirateCoin/Textures/Silver/Coin_Low_lambert1_Height.png
  artifactKey: Guid(0e30838686f04f945beaa6eea362d37e) Importer(815301076,1909f56bfc062723c751e8b465ee728b)
Start importing Assets/DavePixel/PirateCoin/Textures/Silver/Coin_Low_lambert1_Height.png using Guid(0e30838686f04f945beaa6eea362d37e) Importer(815301076,1909f56bfc062723c751e8b465ee728b)  -> (artifact id: '78e200448b0ff1fd26a7d2711b17cada') in 0.010363 seconds 
========================================================================
Received Import Request.
  Time since last request: 0.141010 seconds.
  path: Assets/DavePixel/PirateCoin/Textures/Gold/Coin_Low_lambert1_BaseColor.png
  artifactKey: Guid(d75cfc5cdfb618848ba81efaf20ab2be) Importer(815301076,1909f56bfc062723c751e8b465ee728b)
Start importing Assets/DavePixel/PirateCoin/Textures/Gold/Coin_Low_lambert1_BaseColor.png using Guid(d75cfc5cdfb618848ba81efaf20ab2be) Importer(815301076,1909f56bfc062723c751e8b465ee728b)  -> (artifact id: '5fcec8a98cb38a1ef21d995f5c0b47e5') in 0.013974 seconds 
========================================================================
Received Import Request.
  Time since last request: 0.427746 seconds.
  path: Assets/DavePixel/PirateCoin/Textures/Brass/Coin_Low_lambert1_BaseColor.png
  artifactKey: Guid(f10e871c7d6aa5a4db07efaf3aa259cc) Importer(815301076,1909f56bfc062723c751e8b465ee728b)
Start importing Assets/DavePixel/PirateCoin/Textures/Brass/Coin_Low_lambert1_BaseColor.png using Guid(f10e871c7d6aa5a4db07efaf3aa259cc) Importer(815301076,1909f56bfc062723c751e8b465ee728b)  -> (artifact id: '763505d976d2fba902219515e51ef9fc') in 0.013719 seconds 
========================================================================
Received Import Request.
  Time since last request: 0.673887 seconds.
  path: Assets/Prefabs/Item/Coin.prefab
  artifactKey: Guid(3c7b9518034eceb42a4676f97f85ee18) Importer(815301076,1909f56bfc062723c751e8b465ee728b)
Start importing Assets/Prefabs/Item/Coin.prefab using Guid(3c7b9518034eceb42a4676f97f85ee18) Importer(815301076,1909f56bfc062723c751e8b465ee728b)  -> (artifact id: '0d6bb099a0a8e17f6a0a2132065df6c6') in 0.033409 seconds 
========================================================================
Received Import Request.
  Time since last request: 91.632694 seconds.
  path: Assets/Sprite
  artifactKey: Guid(261b7574d60ceb64581ff8f48b3dcb03) Importer(815301076,1909f56bfc062723c751e8b465ee728b)
Start importing Assets/Sprite using Guid(261b7574d60ceb64581ff8f48b3dcb03) Importer(815301076,1909f56bfc062723c751e8b465ee728b)  -> (artifact id: 'd737e4f9c6f727a6d072125467b37eee') in 0.006573 seconds 
========================================================================
Received Import Request.
  Time since last request: 11.858219 seconds.
  path: Assets/Sprite/CoinImage.png
  artifactKey: Guid(b1fe016271720a645b5d6de65a44ff6a) Importer(815301076,1909f56bfc062723c751e8b465ee728b)
Start importing Assets/Sprite/CoinImage.png using Guid(b1fe016271720a645b5d6de65a44ff6a) Importer(815301076,1909f56bfc062723c751e8b465ee728b)  -> (artifact id: 'a0ebf72bf3d0aff785b6b3d1cafa6126') in 0.019790 seconds 
========================================================================
Received Import Request.
  Time since last request: 170.320651 seconds.
  path: Assets/Sprite/CoinImage 1.png
  artifactKey: Guid(faa1bff1e3711a54cbce77857e493f15) Importer(815301076,1909f56bfc062723c751e8b465ee728b)
Start importing Assets/Sprite/CoinImage 1.png using Guid(faa1bff1e3711a54cbce77857e493f15) Importer(815301076,1909f56bfc062723c751e8b465ee728b)  -> (artifact id: '21cca3d2182ddeebde0462c3e8aff48f') in 0.014385 seconds 
========================================================================
Received Import Request.
  Time since last request: 133.550531 seconds.
  path: Assets/Sprite/CoinImage.png
  artifactKey: Guid(b1fe016271720a645b5d6de65a44ff6a) Importer(815301076,1909f56bfc062723c751e8b465ee728b)
Start importing Assets/Sprite/CoinImage.png using Guid(b1fe016271720a645b5d6de65a44ff6a) Importer(815301076,1909f56bfc062723c751e8b465ee728b)  -> (artifact id: 'cfdace819f561f819a7a9efea255c9a3') in 0.038181 seconds 
========================================================================
Received Import Request.
  Time since last request: 349.822184 seconds.
  path: Assets/Prefabs/Item/HiddenKey.prefab
  artifactKey: Guid(ae0ef98f008b3b249918841e773cd59c) Importer(815301076,1909f56bfc062723c751e8b465ee728b)
Start importing Assets/Prefabs/Item/HiddenKey.prefab using Guid(ae0ef98f008b3b249918841e773cd59c) Importer(815301076,1909f56bfc062723c751e8b465ee728b)  -> (artifact id: 'dd302c84600d41c77a673aa58da2e553') in 0.022726 seconds 
========================================================================
Received Import Request.
  Time since last request: 0.717243 seconds.
  path: Assets/Prefabs/Item/rust_key.prefab
  artifactKey: Guid(6c089fab594f649428c04409a178e72d) Importer(815301076,1909f56bfc062723c751e8b465ee728b)
Start importing Assets/Prefabs/Item/rust_key.prefab using Guid(6c089fab594f649428c04409a178e72d) Importer(815301076,1909f56bfc062723c751e8b465ee728b)  -> (artifact id: '1d27ce3ce4bd2acb71ea6f0b878c330c') in 0.027075 seconds 
========================================================================
Received Import Request.
  Time since last request: 3.527004 seconds.
  path: Assets/Rust Key/Mesh/rust_key.FBX
  artifactKey: Guid(0669f3d8f4b119f418a4bbe061cc198f) Importer(815301076,1909f56bfc062723c751e8b465ee728b)
Start importing Assets/Rust Key/Mesh/rust_key.FBX using Guid(0669f3d8f4b119f418a4bbe061cc198f) Importer(815301076,1909f56bfc062723c751e8b465ee728b)  -> (artifact id: '757315d7d2574e1e8980c8d132247026') in 0.052751 seconds 
========================================================================
Received Import Request.
  Time since last request: 64.751318 seconds.
  path: Assets/Sprite/RustKeyImage.png
  artifactKey: Guid(ef544d20c11b7f34a9e5e945cc266036) Importer(815301076,1909f56bfc062723c751e8b465ee728b)
Start importing Assets/Sprite/RustKeyImage.png using Guid(ef544d20c11b7f34a9e5e945cc266036) Importer(815301076,1909f56bfc062723c751e8b465ee728b)  -> (artifact id: '6e3a3f457461c7fcf7e9dc394807f02d') in 0.018114 seconds 
========================================================================
Received Import Request.
  Time since last request: 29.610897 seconds.
  path: Assets/Sprite/RustKeyImage.png
  artifactKey: Guid(ef544d20c11b7f34a9e5e945cc266036) Importer(815301076,1909f56bfc062723c751e8b465ee728b)
Start importing Assets/Sprite/RustKeyImage.png using Guid(ef544d20c11b7f34a9e5e945cc266036) Importer(815301076,1909f56bfc062723c751e8b465ee728b)  -> (artifact id: '21f60924c9a73327e74f6183c4ce0cdc') in 0.026479 seconds 
========================================================================
Received Import Request.
  Time since last request: 108.110469 seconds.
  path: Assets/TextMesh Pro/Resources/Sprite Assets
  artifactKey: Guid(512a49d95c0c4332bdd98131869c23c9) Importer(815301076,1909f56bfc062723c751e8b465ee728b)
Start importing Assets/TextMesh Pro/Resources/Sprite Assets using Guid(512a49d95c0c4332bdd98131869c23c9) Importer(815301076,1909f56bfc062723c751e8b465ee728b)  -> (artifact id: '1dcb9dc3060b39f33c350934f5d461fd') in 0.010400 seconds 
========================================================================
Received Import Request.
  Time since last request: 13.812521 seconds.
  path: Assets/Sprite/HiddenKeyImage.png
  artifactKey: Guid(92a2439b2cc7c75439f5941d7e15939b) Importer(815301076,1909f56bfc062723c751e8b465ee728b)
Start importing Assets/Sprite/HiddenKeyImage.png using Guid(92a2439b2cc7c75439f5941d7e15939b) Importer(815301076,1909f56bfc062723c751e8b465ee728b)  -> (artifact id: '9751b41fa0c425a54b73e992fce42554') in 0.017838 seconds 
